# 前端部署流程

## 流程

1. 时间节点前，前端人员确认代码提交且代码已优化。

2. 打包前， 打包人员确认所有成员无提交代码之后， 在当前节点生成 git tag 或 branch 之后， 进行打包。

3. 打包之后， 打包人员将包以规定格式命名， 并在 git 文档中添加对应需求及描述。

4. 其他开发成员编写自测清单， 发送给打包人员， 打包人员收集形成文档，上传至 git， 并将项目包及自测清单整理发送给部署人员。

5. 部署人员整理部署需要材料（nginx，项目包，自测清单）。

6. 部署人员现场部署， 部署完成之后根据自测清单进行测试。

## 职责

### 开发成员

1. 完成代码开发、优化

2. 编写自测清单、自测

3. 上传最新代码

4. 发送自测清单

### 打包人员

1. 确认所有成员代码已提交

2. 打包前在 git 节点打 tag/branch

3. 打包后命名项目包， 收集自测清单， 并在 git 上添加描述及文档

4. 确认无误， 发送给部署人员

### 部署人员

1. 部署前一天确认所有材料 nginx 源码、 项目包、 自测清单

2. 现场部署后，根据自测清单进行测试

3. 测试完之后， 在自测清单上标注该条目是否测试通过

## 服务器列表

| name | desc | ip | username | password | path |
|--|--|--|--|--|--|
|231 | develop env| 10.3.7.231 | root | dtc2019231! | /opt/dtcloud/applications/vueProject/intelligentPlatform-upgrade2
| 21 | 云江湖 | 10.3.6.21 | root | dtc2019! | 
| 30 | 前端服务器 | 10.3.6.30 | root | 123456 | 

## 数据库账号

| ip | username |password |
|--|--|--|
| 10.3.7.231 | root | DTCserver2019! |
